<?xml version="1.0" encoding="UTF-8"?>
<!-- Generated by org.testng.reporters.JUnitReportReporter -->
<testsuite hostname="DESKTOP-TO9852C" failures="0" tests="3" name="test.day4" time="0.011" errors="0" timestamp="23 Aug 2021 19:12:33 GMT">
  <testcase classname="test.day4" name="LoginAPIhomeloan" time="0.003"/>
  <testcase classname="test.day4" name="Webloginhomeloan" time="0.003"/>
  <testcase classname="test.day4" name="Mobileloginhomeloan" time="0.005"/>
</testsuite> <!-- test.day4 -->
