<?xml version="1.0" encoding="UTF-8"?>
<!-- Generated by org.testng.reporters.JUnitReportReporter -->
<testsuite hostname="DESKTOP-TO9852C" failures="0" tests="2" name="test.lec136" time="0.021" errors="0" timestamp="22 Aug 2021 11:45:57 GMT">
  <testcase classname="test.lec136" name="demo2" time="0.003"/>
  <testcase classname="test.lec136" name="demo" time="0.018"/>
</testsuite> <!-- test.lec136 -->
