<?xml version="1.0" encoding="UTF-8"?>
<!-- Generated by org.testng.reporters.JUnitReportReporter -->
<testsuite hostname="DESKTOP-TO9852C" failures="0" tests="1" name="test.day2" time="0.029" errors="0" timestamp="23 Aug 2021 19:12:33 GMT">
  <testcase classname="test.day2" name="demo" time="0.029"/>
</testsuite> <!-- test.day2 -->
